{"/home/paulo/Documents/Repositories/Personal/BootCamp GoStack/Node.js/Node.js-GoBarber/src/modules/appointments/services/CreateAppointmentSerice.ts": {"path":"/home/paulo/Documents/Repositories/Personal/BootCamp GoStack/Node.js/Node.js-GoBarber/src/modules/appointments/services/CreateAppointmentSerice.ts","statementMap":{"0":{"start":{"line":1,"column":0},"end":{"line":1,"column":39}},"1":{"start":{"line":2,"column":0},"end":{"line":2,"column":46}},"2":{"start":{"line":3,"column":0},"end":{"line":3,"column":47}},"3":{"start":{"line":4,"column":0},"end":{"line":4,"column":78}},"4":{"start":{"line":5,"column":0},"end":{"line":5,"column":64}},"5":{"start":{"line":6,"column":0},"end":{"line":6,"column":0}},"6":{"start":{"line":7,"column":0},"end":{"line":7,"column":20}},"7":{"start":{"line":8,"column":0},"end":{"line":8,"column":22}},"8":{"start":{"line":9,"column":0},"end":{"line":9,"column":13}},"9":{"start":{"line":10,"column":0},"end":{"line":10,"column":1}},"10":{"start":{"line":11,"column":0},"end":{"line":11,"column":0}},"11":{"start":{"line":12,"column":0},"end":{"line":12,"column":13}},"12":{"start":{"line":13,"column":0},"end":{"line":13,"column":32}},"13":{"start":{"line":14,"column":0},"end":{"line":14,"column":14}},"14":{"start":{"line":15,"column":0},"end":{"line":15,"column":37}},"15":{"start":{"line":16,"column":0},"end":{"line":16,"column":60}},"16":{"start":{"line":17,"column":0},"end":{"line":17,"column":6}},"17":{"start":{"line":18,"column":0},"end":{"line":18,"column":0}},"18":{"start":{"line":19,"column":0},"end":{"line":19,"column":79}},"19":{"start":{"line":20,"column":0},"end":{"line":20,"column":46}},"20":{"start":{"line":21,"column":0},"end":{"line":21,"column":0}},"21":{"start":{"line":22,"column":0},"end":{"line":22,"column":83}},"22":{"start":{"line":23,"column":0},"end":{"line":23,"column":22}},"23":{"start":{"line":24,"column":0},"end":{"line":24,"column":6}},"24":{"start":{"line":25,"column":0},"end":{"line":25,"column":0}},"25":{"start":{"line":26,"column":0},"end":{"line":26,"column":34}},"26":{"start":{"line":27,"column":0},"end":{"line":27,"column":78}},"27":{"start":{"line":28,"column":0},"end":{"line":28,"column":0}},"28":{"start":{"line":29,"column":0},"end":{"line":29,"column":66}},"29":{"start":{"line":30,"column":0},"end":{"line":30,"column":18}},"30":{"start":{"line":31,"column":0},"end":{"line":31,"column":28}},"31":{"start":{"line":32,"column":0},"end":{"line":32,"column":7}},"32":{"start":{"line":33,"column":0},"end":{"line":33,"column":0}},"33":{"start":{"line":34,"column":0},"end":{"line":34,"column":23}},"34":{"start":{"line":35,"column":0},"end":{"line":35,"column":3}},"35":{"start":{"line":36,"column":0},"end":{"line":36,"column":1}},"36":{"start":{"line":37,"column":0},"end":{"line":37,"column":0}},"37":{"start":{"line":38,"column":0},"end":{"line":38,"column":40}}},"s":{"0":1,"1":1,"2":1,"3":1,"4":1,"5":1,"6":1,"7":1,"8":1,"9":1,"10":1,"11":1,"12":1,"13":1,"14":1,"15":1,"16":1,"17":1,"18":1,"19":1,"20":1,"21":1,"22":1,"23":1,"24":1,"25":1,"26":1,"27":1,"28":1,"29":1,"30":1,"31":1,"32":1,"33":1,"34":1,"35":1,"36":1,"37":1},"branchMap":{"0":{"type":"branch","line":38,"loc":{"start":{"line":38,"column":40},"end":{"line":38,"column":40}},"locations":[{"start":{"line":38,"column":40},"end":{"line":38,"column":40}}]},"1":{"type":"branch","line":38,"loc":{"start":{"line":38,"column":40},"end":{"line":38,"column":40}},"locations":[{"start":{"line":38,"column":40},"end":{"line":38,"column":40}}]},"2":{"type":"branch","line":38,"loc":{"start":{"line":38,"column":40},"end":{"line":38,"column":40}},"locations":[{"start":{"line":38,"column":40},"end":{"line":38,"column":40}}]},"3":{"type":"branch","line":38,"loc":{"start":{"line":38,"column":40},"end":{"line":38,"column":40}},"locations":[{"start":{"line":38,"column":40},"end":{"line":38,"column":40}}]},"4":{"type":"branch","line":38,"loc":{"start":{"line":38,"column":40},"end":{"line":38,"column":40}},"locations":[{"start":{"line":38,"column":40},"end":{"line":38,"column":40}}]},"5":{"type":"branch","line":38,"loc":{"start":{"line":38,"column":40},"end":{"line":38,"column":40}},"locations":[{"start":{"line":38,"column":40},"end":{"line":38,"column":40}}]},"6":{"type":"branch","line":38,"loc":{"start":{"line":38,"column":40},"end":{"line":38,"column":40}},"locations":[{"start":{"line":38,"column":40},"end":{"line":38,"column":40}}]},"7":{"type":"branch","line":38,"loc":{"start":{"line":38,"column":40},"end":{"line":38,"column":40}},"locations":[{"start":{"line":38,"column":40},"end":{"line":38,"column":40}}]},"8":{"type":"branch","line":38,"loc":{"start":{"line":38,"column":40},"end":{"line":38,"column":40}},"locations":[{"start":{"line":38,"column":40},"end":{"line":38,"column":40}}]},"9":{"type":"branch","line":38,"loc":{"start":{"line":38,"column":40},"end":{"line":38,"column":40}},"locations":[{"start":{"line":38,"column":40},"end":{"line":38,"column":40}}]},"10":{"type":"branch","line":38,"loc":{"start":{"line":38,"column":40},"end":{"line":38,"column":40}},"locations":[{"start":{"line":38,"column":40},"end":{"line":38,"column":40}}]},"11":{"type":"branch","line":38,"loc":{"start":{"line":38,"column":40},"end":{"line":38,"column":40}},"locations":[{"start":{"line":38,"column":40},"end":{"line":38,"column":40}}]},"12":{"type":"branch","line":38,"loc":{"start":{"line":38,"column":40},"end":{"line":38,"column":40}},"locations":[{"start":{"line":38,"column":40},"end":{"line":38,"column":40}}]},"13":{"type":"branch","line":38,"loc":{"start":{"line":38,"column":40},"end":{"line":38,"column":40}},"locations":[{"start":{"line":38,"column":40},"end":{"line":38,"column":40}}]},"14":{"type":"branch","line":38,"loc":{"start":{"line":38,"column":40},"end":{"line":38,"column":40}},"locations":[{"start":{"line":38,"column":40},"end":{"line":38,"column":40}}]},"15":{"type":"branch","line":38,"loc":{"start":{"line":38,"column":40},"end":{"line":38,"column":40}},"locations":[{"start":{"line":38,"column":40},"end":{"line":38,"column":40}}]},"16":{"type":"branch","line":38,"loc":{"start":{"line":38,"column":40},"end":{"line":38,"column":40}},"locations":[{"start":{"line":38,"column":40},"end":{"line":38,"column":40}}]},"17":{"type":"branch","line":38,"loc":{"start":{"line":38,"column":40},"end":{"line":38,"column":40}},"locations":[{"start":{"line":38,"column":40},"end":{"line":38,"column":40}}]},"18":{"type":"branch","line":38,"loc":{"start":{"line":38,"column":40},"end":{"line":38,"column":40}},"locations":[{"start":{"line":38,"column":40},"end":{"line":38,"column":40}}]},"19":{"type":"branch","line":38,"loc":{"start":{"line":38,"column":40},"end":{"line":38,"column":40}},"locations":[{"start":{"line":38,"column":40},"end":{"line":38,"column":40}}]},"20":{"type":"branch","line":38,"loc":{"start":{"line":38,"column":40},"end":{"line":38,"column":40}},"locations":[{"start":{"line":38,"column":40},"end":{"line":38,"column":40}}]},"21":{"type":"branch","line":38,"loc":{"start":{"line":38,"column":40},"end":{"line":38,"column":40}},"locations":[{"start":{"line":38,"column":40},"end":{"line":38,"column":40}}]},"22":{"type":"branch","line":38,"loc":{"start":{"line":38,"column":40},"end":{"line":38,"column":40}},"locations":[{"start":{"line":38,"column":40},"end":{"line":38,"column":40}}]},"23":{"type":"branch","line":38,"loc":{"start":{"line":38,"column":40},"end":{"line":38,"column":40}},"locations":[{"start":{"line":38,"column":40},"end":{"line":38,"column":40}}]},"24":{"type":"branch","line":38,"loc":{"start":{"line":38,"column":40},"end":{"line":38,"column":40}},"locations":[{"start":{"line":38,"column":40},"end":{"line":38,"column":40}}]},"25":{"type":"branch","line":38,"loc":{"start":{"line":38,"column":40},"end":{"line":38,"column":40}},"locations":[{"start":{"line":38,"column":40},"end":{"line":38,"column":40}}]},"26":{"type":"branch","line":38,"loc":{"start":{"line":38,"column":40},"end":{"line":38,"column":40}},"locations":[{"start":{"line":38,"column":40},"end":{"line":38,"column":40}}]},"27":{"type":"branch","line":38,"loc":{"start":{"line":38,"column":40},"end":{"line":38,"column":40}},"locations":[{"start":{"line":38,"column":40},"end":{"line":38,"column":40}}]},"28":{"type":"branch","line":38,"loc":{"start":{"line":38,"column":40},"end":{"line":38,"column":40}},"locations":[{"start":{"line":38,"column":40},"end":{"line":38,"column":40}}]},"29":{"type":"branch","line":38,"loc":{"start":{"line":38,"column":40},"end":{"line":38,"column":40}},"locations":[{"start":{"line":38,"column":40},"end":{"line":38,"column":40}}]},"30":{"type":"branch","line":38,"loc":{"start":{"line":38,"column":40},"end":{"line":38,"column":40}},"locations":[{"start":{"line":38,"column":40},"end":{"line":38,"column":40}}]},"31":{"type":"branch","line":38,"loc":{"start":{"line":38,"column":40},"end":{"line":38,"column":40}},"locations":[{"start":{"line":38,"column":40},"end":{"line":38,"column":40}}]},"32":{"type":"branch","line":38,"loc":{"start":{"line":38,"column":40},"end":{"line":38,"column":40}},"locations":[{"start":{"line":38,"column":40},"end":{"line":38,"column":40}}]},"33":{"type":"branch","line":38,"loc":{"start":{"line":38,"column":40},"end":{"line":38,"column":40}},"locations":[{"start":{"line":38,"column":40},"end":{"line":38,"column":40}}]},"34":{"type":"branch","line":38,"loc":{"start":{"line":38,"column":40},"end":{"line":38,"column":40}},"locations":[{"start":{"line":38,"column":40},"end":{"line":38,"column":40}}]},"35":{"type":"branch","line":38,"loc":{"start":{"line":38,"column":40},"end":{"line":38,"column":40}},"locations":[{"start":{"line":38,"column":40},"end":{"line":38,"column":40}}]},"36":{"type":"branch","line":38,"loc":{"start":{"line":38,"column":40},"end":{"line":38,"column":40}},"locations":[{"start":{"line":38,"column":40},"end":{"line":38,"column":40}}]},"37":{"type":"branch","line":38,"loc":{"start":{"line":38,"column":40},"end":{"line":38,"column":40}},"locations":[{"start":{"line":38,"column":40},"end":{"line":38,"column":40}}]},"38":{"type":"branch","line":38,"loc":{"start":{"line":38,"column":40},"end":{"line":38,"column":40}},"locations":[{"start":{"line":38,"column":40},"end":{"line":38,"column":40}}]},"39":{"type":"branch","line":38,"loc":{"start":{"line":38,"column":40},"end":{"line":38,"column":40}},"locations":[{"start":{"line":38,"column":40},"end":{"line":38,"column":40}}]},"40":{"type":"branch","line":38,"loc":{"start":{"line":38,"column":40},"end":{"line":38,"column":40}},"locations":[{"start":{"line":38,"column":40},"end":{"line":38,"column":40}}]},"41":{"type":"branch","line":38,"loc":{"start":{"line":38,"column":40},"end":{"line":38,"column":40}},"locations":[{"start":{"line":38,"column":40},"end":{"line":38,"column":40}}]},"42":{"type":"branch","line":38,"loc":{"start":{"line":38,"column":40},"end":{"line":38,"column":40}},"locations":[{"start":{"line":38,"column":40},"end":{"line":38,"column":40}}]},"43":{"type":"branch","line":38,"loc":{"start":{"line":38,"column":40},"end":{"line":38,"column":40}},"locations":[{"start":{"line":38,"column":40},"end":{"line":38,"column":40}}]},"44":{"type":"branch","line":38,"loc":{"start":{"line":38,"column":40},"end":{"line":38,"column":40}},"locations":[{"start":{"line":38,"column":40},"end":{"line":38,"column":40}}]},"45":{"type":"branch","line":38,"loc":{"start":{"line":38,"column":40},"end":{"line":38,"column":40}},"locations":[{"start":{"line":38,"column":40},"end":{"line":38,"column":40}}]},"46":{"type":"branch","line":38,"loc":{"start":{"line":38,"column":40},"end":{"line":38,"column":40}},"locations":[{"start":{"line":38,"column":40},"end":{"line":38,"column":40}}]},"47":{"type":"branch","line":38,"loc":{"start":{"line":38,"column":40},"end":{"line":38,"column":40}},"locations":[{"start":{"line":38,"column":40},"end":{"line":38,"column":40}}]},"48":{"type":"branch","line":38,"loc":{"start":{"line":38,"column":40},"end":{"line":38,"column":40}},"locations":[{"start":{"line":38,"column":40},"end":{"line":38,"column":40}}]},"49":{"type":"branch","line":38,"loc":{"start":{"line":38,"column":40},"end":{"line":38,"column":40}},"locations":[{"start":{"line":38,"column":40},"end":{"line":38,"column":40}}]},"50":{"type":"branch","line":13,"loc":{"start":{"line":13,"column":0},"end":{"line":36,"column":1}},"locations":[{"start":{"line":13,"column":0},"end":{"line":36,"column":1}}]},"51":{"type":"branch","line":14,"loc":{"start":{"line":14,"column":2},"end":{"line":17,"column":6}},"locations":[{"start":{"line":14,"column":2},"end":{"line":17,"column":6}}]},"52":{"type":"branch","line":19,"loc":{"start":{"line":19,"column":2},"end":{"line":35,"column":3}},"locations":[{"start":{"line":19,"column":2},"end":{"line":35,"column":3}}]},"53":{"type":"branch","line":38,"loc":{"start":{"line":38,"column":40},"end":{"line":38,"column":40}},"locations":[{"start":{"line":38,"column":40},"end":{"line":38,"column":40}}]},"54":{"type":"branch","line":38,"loc":{"start":{"line":38,"column":40},"end":{"line":38,"column":40}},"locations":[{"start":{"line":38,"column":40},"end":{"line":38,"column":40}}]},"55":{"type":"branch","line":38,"loc":{"start":{"line":38,"column":40},"end":{"line":38,"column":40}},"locations":[{"start":{"line":38,"column":40},"end":{"line":38,"column":40}}]},"56":{"type":"branch","line":38,"loc":{"start":{"line":38,"column":40},"end":{"line":38,"column":40}},"locations":[{"start":{"line":38,"column":40},"end":{"line":38,"column":40}}]},"57":{"type":"branch","line":27,"loc":{"start":{"line":27,"column":6},"end":{"line":27,"column":78}},"locations":[{"start":{"line":27,"column":6},"end":{"line":27,"column":78}}]},"58":{"type":"branch","line":38,"loc":{"start":{"line":38,"column":40},"end":{"line":38,"column":40}},"locations":[{"start":{"line":38,"column":40},"end":{"line":38,"column":40}}]}},"b":{"0":[1],"1":[1],"2":[0],"3":[0],"4":[0],"5":[0],"6":[1],"7":[1],"8":[1],"9":[1],"10":[2],"11":[0],"12":[1],"13":[2],"14":[0],"15":[3],"16":[1],"17":[2],"18":[1],"19":[2],"20":[0],"21":[3],"22":[3],"23":[3],"24":[0],"25":[6],"26":[0],"27":[0],"28":[0],"29":[0],"30":[3],"31":[3],"32":[2],"33":[0],"34":[0],"35":[1],"36":[0],"37":[0],"38":[0],"39":[0],"40":[0],"41":[3],"42":[0],"43":[3],"44":[1],"45":[0],"46":[1],"47":[0],"48":[1],"49":[0],"50":[1],"51":[1],"52":[1],"53":[1],"54":[3],"55":[1],"56":[1],"57":[0],"58":[1]},"fnMap":{"0":{"name":"__decorate","decl":{"start":{"line":38,"column":40},"end":{"line":38,"column":40}},"loc":{"start":{"line":38,"column":40},"end":{"line":38,"column":40}},"line":38},"1":{"name":"__metadata","decl":{"start":{"line":38,"column":40},"end":{"line":38,"column":40}},"loc":{"start":{"line":38,"column":40},"end":{"line":38,"column":40}},"line":38},"2":{"name":"__param","decl":{"start":{"line":38,"column":40},"end":{"line":38,"column":40}},"loc":{"start":{"line":38,"column":40},"end":{"line":38,"column":40}},"line":38},"3":{"name":"__awaiter","decl":{"start":{"line":38,"column":40},"end":{"line":38,"column":40}},"loc":{"start":{"line":38,"column":40},"end":{"line":38,"column":40}},"line":38},"4":{"name":"adopt","decl":{"start":{"line":38,"column":40},"end":{"line":38,"column":40}},"loc":{"start":{"line":38,"column":40},"end":{"line":38,"column":40}},"line":38},"5":{"name":"fulfilled","decl":{"start":{"line":38,"column":40},"end":{"line":38,"column":40}},"loc":{"start":{"line":38,"column":40},"end":{"line":38,"column":40}},"line":38},"6":{"name":"rejected","decl":{"start":{"line":38,"column":40},"end":{"line":38,"column":40}},"loc":{"start":{"line":38,"column":40},"end":{"line":38,"column":40}},"line":38},"7":{"name":"step","decl":{"start":{"line":38,"column":40},"end":{"line":38,"column":40}},"loc":{"start":{"line":38,"column":40},"end":{"line":38,"column":40}},"line":38},"8":{"name":"__generator","decl":{"start":{"line":38,"column":40},"end":{"line":38,"column":40}},"loc":{"start":{"line":38,"column":40},"end":{"line":38,"column":40}},"line":38},"9":{"name":"sent","decl":{"start":{"line":38,"column":40},"end":{"line":38,"column":40}},"loc":{"start":{"line":38,"column":40},"end":{"line":38,"column":40}},"line":38},"10":{"name":"g.<computed>","decl":{"start":{"line":38,"column":40},"end":{"line":38,"column":40}},"loc":{"start":{"line":38,"column":40},"end":{"line":38,"column":40}},"line":38},"11":{"name":"verb","decl":{"start":{"line":38,"column":40},"end":{"line":38,"column":40}},"loc":{"start":{"line":38,"column":40},"end":{"line":38,"column":40}},"line":38},"12":{"name":"step","decl":{"start":{"line":38,"column":40},"end":{"line":38,"column":40}},"loc":{"start":{"line":38,"column":40},"end":{"line":38,"column":40}},"line":38},"13":{"name":"__importDefault","decl":{"start":{"line":38,"column":40},"end":{"line":38,"column":40}},"loc":{"start":{"line":38,"column":40},"end":{"line":38,"column":40}},"line":38},"14":{"name":"CreateAppointmentService","decl":{"start":{"line":14,"column":2},"end":{"line":17,"column":6}},"loc":{"start":{"line":14,"column":2},"end":{"line":17,"column":6}},"line":14},"15":{"name":"CreateAppointmentService.execute","decl":{"start":{"line":19,"column":2},"end":{"line":35,"column":3}},"loc":{"start":{"line":19,"column":2},"end":{"line":35,"column":3}},"line":19}},"f":{"0":1,"1":1,"2":1,"3":1,"4":2,"5":2,"6":0,"7":3,"8":1,"9":2,"10":0,"11":3,"12":3,"13":1,"14":1,"15":1}}
,"/home/paulo/Documents/Repositories/Personal/BootCamp GoStack/Node.js/Node.js-GoBarber/src/modules/users/services/AuthenticateUserService.ts": {"path":"/home/paulo/Documents/Repositories/Personal/BootCamp GoStack/Node.js/Node.js-GoBarber/src/modules/users/services/AuthenticateUserService.ts","statementMap":{"0":{"start":{"line":1,"column":0},"end":{"line":1,"column":35}},"1":{"start":{"line":2,"column":0},"end":{"line":2,"column":36}},"2":{"start":{"line":3,"column":0},"end":{"line":3,"column":46}},"3":{"start":{"line":4,"column":0},"end":{"line":4,"column":38}},"4":{"start":{"line":5,"column":0},"end":{"line":5,"column":47}},"5":{"start":{"line":6,"column":0},"end":{"line":6,"column":50}},"6":{"start":{"line":7,"column":0},"end":{"line":7,"column":64}},"7":{"start":{"line":8,"column":0},"end":{"line":8,"column":0}},"8":{"start":{"line":9,"column":0},"end":{"line":9,"column":20}},"9":{"start":{"line":10,"column":0},"end":{"line":10,"column":16}},"10":{"start":{"line":11,"column":0},"end":{"line":11,"column":19}},"11":{"start":{"line":12,"column":0},"end":{"line":12,"column":1}},"12":{"start":{"line":13,"column":0},"end":{"line":13,"column":0}},"13":{"start":{"line":14,"column":0},"end":{"line":14,"column":20}},"14":{"start":{"line":15,"column":0},"end":{"line":15,"column":13}},"15":{"start":{"line":16,"column":0},"end":{"line":16,"column":16}},"16":{"start":{"line":17,"column":0},"end":{"line":17,"column":1}},"17":{"start":{"line":18,"column":0},"end":{"line":18,"column":0}},"18":{"start":{"line":19,"column":0},"end":{"line":19,"column":13}},"19":{"start":{"line":20,"column":0},"end":{"line":20,"column":31}},"20":{"start":{"line":21,"column":0},"end":{"line":21,"column":14}},"21":{"start":{"line":22,"column":0},"end":{"line":22,"column":30}},"22":{"start":{"line":23,"column":0},"end":{"line":23,"column":46}},"23":{"start":{"line":24,"column":0},"end":{"line":24,"column":6}},"24":{"start":{"line":25,"column":0},"end":{"line":25,"column":0}},"25":{"start":{"line":26,"column":0},"end":{"line":26,"column":74}},"26":{"start":{"line":27,"column":0},"end":{"line":27,"column":63}},"27":{"start":{"line":28,"column":0},"end":{"line":28,"column":0}},"28":{"start":{"line":29,"column":0},"end":{"line":29,"column":80}},"29":{"start":{"line":30,"column":0},"end":{"line":30,"column":0}},"30":{"start":{"line":31,"column":0},"end":{"line":31,"column":67}},"31":{"start":{"line":32,"column":0},"end":{"line":32,"column":0}},"32":{"start":{"line":33,"column":0},"end":{"line":33,"column":25}},"33":{"start":{"line":34,"column":0},"end":{"line":34,"column":71}},"34":{"start":{"line":35,"column":0},"end":{"line":35,"column":0}},"35":{"start":{"line":36,"column":0},"end":{"line":36,"column":49}},"36":{"start":{"line":37,"column":0},"end":{"line":37,"column":0}},"37":{"start":{"line":38,"column":0},"end":{"line":38,"column":36}},"38":{"start":{"line":39,"column":0},"end":{"line":39,"column":23}},"39":{"start":{"line":40,"column":0},"end":{"line":40,"column":16}},"40":{"start":{"line":41,"column":0},"end":{"line":41,"column":7}},"41":{"start":{"line":42,"column":0},"end":{"line":42,"column":0}},"42":{"start":{"line":43,"column":0},"end":{"line":43,"column":27}},"43":{"start":{"line":44,"column":0},"end":{"line":44,"column":3}},"44":{"start":{"line":45,"column":0},"end":{"line":45,"column":1}},"45":{"start":{"line":46,"column":0},"end":{"line":46,"column":0}},"46":{"start":{"line":47,"column":0},"end":{"line":47,"column":39}}},"s":{"0":0,"1":0,"2":0,"3":0,"4":0,"5":0,"6":0,"7":0,"8":0,"9":0,"10":0,"11":0,"12":0,"13":0,"14":0,"15":0,"16":0,"17":0,"18":0,"19":0,"20":0,"21":0,"22":0,"23":0,"24":0,"25":0,"26":0,"27":0,"28":0,"29":0,"30":0,"31":0,"32":0,"33":0,"34":0,"35":0,"36":0,"37":0,"38":0,"39":0,"40":0,"41":0,"42":0,"43":0,"44":0,"45":0,"46":0},"branchMap":{"0":{"type":"branch","line":1,"loc":{"start":{"line":1,"column":0},"end":{"line":47,"column":39}},"locations":[{"start":{"line":1,"column":0},"end":{"line":47,"column":39}}]}},"b":{"0":[0]},"fnMap":{"0":{"name":"(empty-report)","decl":{"start":{"line":1,"column":0},"end":{"line":47,"column":39}},"loc":{"start":{"line":1,"column":0},"end":{"line":47,"column":39}},"line":1}},"f":{"0":0}}
,"/home/paulo/Documents/Repositories/Personal/BootCamp GoStack/Node.js/Node.js-GoBarber/src/modules/users/services/CreateUserService.ts": {"path":"/home/paulo/Documents/Repositories/Personal/BootCamp GoStack/Node.js/Node.js-GoBarber/src/modules/users/services/CreateUserService.ts","statementMap":{"0":{"start":{"line":1,"column":0},"end":{"line":1,"column":32}},"1":{"start":{"line":2,"column":0},"end":{"line":2,"column":46}},"2":{"start":{"line":3,"column":0},"end":{"line":3,"column":47}},"3":{"start":{"line":4,"column":0},"end":{"line":4,"column":50}},"4":{"start":{"line":5,"column":0},"end":{"line":5,"column":64}},"5":{"start":{"line":6,"column":0},"end":{"line":6,"column":0}},"6":{"start":{"line":7,"column":0},"end":{"line":7,"column":20}},"7":{"start":{"line":8,"column":0},"end":{"line":8,"column":15}},"8":{"start":{"line":9,"column":0},"end":{"line":9,"column":16}},"9":{"start":{"line":10,"column":0},"end":{"line":10,"column":19}},"10":{"start":{"line":11,"column":0},"end":{"line":11,"column":1}},"11":{"start":{"line":12,"column":0},"end":{"line":12,"column":0}},"12":{"start":{"line":13,"column":0},"end":{"line":13,"column":13}},"13":{"start":{"line":14,"column":0},"end":{"line":14,"column":25}},"14":{"start":{"line":15,"column":0},"end":{"line":15,"column":14}},"15":{"start":{"line":16,"column":0},"end":{"line":16,"column":30}},"16":{"start":{"line":17,"column":0},"end":{"line":17,"column":46}},"17":{"start":{"line":18,"column":0},"end":{"line":18,"column":6}},"18":{"start":{"line":19,"column":0},"end":{"line":19,"column":0}},"19":{"start":{"line":20,"column":0},"end":{"line":20,"column":76}},"20":{"start":{"line":21,"column":0},"end":{"line":21,"column":74}},"21":{"start":{"line":22,"column":0},"end":{"line":22,"column":0}},"22":{"start":{"line":23,"column":0},"end":{"line":23,"column":24}},"23":{"start":{"line":24,"column":0},"end":{"line":24,"column":63}},"24":{"start":{"line":25,"column":0},"end":{"line":25,"column":0}},"25":{"start":{"line":26,"column":0},"end":{"line":26,"column":51}},"26":{"start":{"line":27,"column":0},"end":{"line":27,"column":0}},"27":{"start":{"line":28,"column":0},"end":{"line":28,"column":52}},"28":{"start":{"line":29,"column":0},"end":{"line":29,"column":11}},"29":{"start":{"line":30,"column":0},"end":{"line":30,"column":12}},"30":{"start":{"line":31,"column":0},"end":{"line":31,"column":31}},"31":{"start":{"line":32,"column":0},"end":{"line":32,"column":7}},"32":{"start":{"line":33,"column":0},"end":{"line":33,"column":0}},"33":{"start":{"line":34,"column":0},"end":{"line":34,"column":16}},"34":{"start":{"line":35,"column":0},"end":{"line":35,"column":3}},"35":{"start":{"line":36,"column":0},"end":{"line":36,"column":1}},"36":{"start":{"line":37,"column":0},"end":{"line":37,"column":0}},"37":{"start":{"line":38,"column":0},"end":{"line":38,"column":33}}},"s":{"0":0,"1":0,"2":0,"3":0,"4":0,"5":0,"6":0,"7":0,"8":0,"9":0,"10":0,"11":0,"12":0,"13":0,"14":0,"15":0,"16":0,"17":0,"18":0,"19":0,"20":0,"21":0,"22":0,"23":0,"24":0,"25":0,"26":0,"27":0,"28":0,"29":0,"30":0,"31":0,"32":0,"33":0,"34":0,"35":0,"36":0,"37":0},"branchMap":{"0":{"type":"branch","line":1,"loc":{"start":{"line":1,"column":0},"end":{"line":38,"column":33}},"locations":[{"start":{"line":1,"column":0},"end":{"line":38,"column":33}}]}},"b":{"0":[0]},"fnMap":{"0":{"name":"(empty-report)","decl":{"start":{"line":1,"column":0},"end":{"line":38,"column":33}},"loc":{"start":{"line":1,"column":0},"end":{"line":38,"column":33}},"line":1}},"f":{"0":0}}
,"/home/paulo/Documents/Repositories/Personal/BootCamp GoStack/Node.js/Node.js-GoBarber/src/modules/users/services/UpdateUserAvatarService.ts": {"path":"/home/paulo/Documents/Repositories/Personal/BootCamp GoStack/Node.js/Node.js-GoBarber/src/modules/users/services/UpdateUserAvatarService.ts","statementMap":{"0":{"start":{"line":1,"column":0},"end":{"line":1,"column":46}},"1":{"start":{"line":2,"column":0},"end":{"line":2,"column":20}},"2":{"start":{"line":3,"column":0},"end":{"line":3,"column":24}},"3":{"start":{"line":4,"column":0},"end":{"line":4,"column":42}},"4":{"start":{"line":5,"column":0},"end":{"line":5,"column":47}},"5":{"start":{"line":6,"column":0},"end":{"line":6,"column":50}},"6":{"start":{"line":7,"column":0},"end":{"line":7,"column":64}},"7":{"start":{"line":8,"column":0},"end":{"line":8,"column":0}},"8":{"start":{"line":9,"column":0},"end":{"line":9,"column":20}},"9":{"start":{"line":10,"column":0},"end":{"line":10,"column":18}},"10":{"start":{"line":11,"column":0},"end":{"line":11,"column":25}},"11":{"start":{"line":12,"column":0},"end":{"line":12,"column":1}},"12":{"start":{"line":13,"column":0},"end":{"line":13,"column":0}},"13":{"start":{"line":14,"column":0},"end":{"line":14,"column":13}},"14":{"start":{"line":15,"column":0},"end":{"line":15,"column":31}},"15":{"start":{"line":16,"column":0},"end":{"line":16,"column":14}},"16":{"start":{"line":17,"column":0},"end":{"line":17,"column":30}},"17":{"start":{"line":18,"column":0},"end":{"line":18,"column":46}},"18":{"start":{"line":19,"column":0},"end":{"line":19,"column":6}},"19":{"start":{"line":20,"column":0},"end":{"line":20,"column":0}},"20":{"start":{"line":21,"column":0},"end":{"line":21,"column":78}},"21":{"start":{"line":22,"column":0},"end":{"line":22,"column":62}},"22":{"start":{"line":23,"column":0},"end":{"line":23,"column":0}},"23":{"start":{"line":24,"column":0},"end":{"line":24,"column":14}},"24":{"start":{"line":25,"column":0},"end":{"line":25,"column":77}},"25":{"start":{"line":26,"column":0},"end":{"line":26,"column":0}},"26":{"start":{"line":27,"column":0},"end":{"line":27,"column":22}},"27":{"start":{"line":28,"column":0},"end":{"line":28,"column":80}},"28":{"start":{"line":29,"column":0},"end":{"line":29,"column":78}},"29":{"start":{"line":30,"column":0},"end":{"line":30,"column":0}},"30":{"start":{"line":31,"column":0},"end":{"line":31,"column":77}},"31":{"start":{"line":32,"column":0},"end":{"line":32,"column":5}},"32":{"start":{"line":33,"column":0},"end":{"line":33,"column":0}},"33":{"start":{"line":34,"column":0},"end":{"line":34,"column":33}},"34":{"start":{"line":35,"column":0},"end":{"line":35,"column":42}},"35":{"start":{"line":36,"column":0},"end":{"line":36,"column":0}},"36":{"start":{"line":37,"column":0},"end":{"line":37,"column":16}},"37":{"start":{"line":38,"column":0},"end":{"line":38,"column":3}},"38":{"start":{"line":39,"column":0},"end":{"line":39,"column":1}},"39":{"start":{"line":40,"column":0},"end":{"line":40,"column":0}},"40":{"start":{"line":41,"column":0},"end":{"line":41,"column":39}}},"s":{"0":0,"1":0,"2":0,"3":0,"4":0,"5":0,"6":0,"7":0,"8":0,"9":0,"10":0,"11":0,"12":0,"13":0,"14":0,"15":0,"16":0,"17":0,"18":0,"19":0,"20":0,"21":0,"22":0,"23":0,"24":0,"25":0,"26":0,"27":0,"28":0,"29":0,"30":0,"31":0,"32":0,"33":0,"34":0,"35":0,"36":0,"37":0,"38":0,"39":0,"40":0},"branchMap":{"0":{"type":"branch","line":1,"loc":{"start":{"line":1,"column":0},"end":{"line":41,"column":39}},"locations":[{"start":{"line":1,"column":0},"end":{"line":41,"column":39}}]}},"b":{"0":[0]},"fnMap":{"0":{"name":"(empty-report)","decl":{"start":{"line":1,"column":0},"end":{"line":41,"column":39}},"loc":{"start":{"line":1,"column":0},"end":{"line":41,"column":39}},"line":1}},"f":{"0":0}}
}
